proguard-project.txt
# To enable ProGuard in your project, edit project.properties
# to define the proguard.config property as described in that file.
#
# Add project specific ProGuard rules here.
# By default, the flags in this file are appended to flags specified
# in ${sdk.dir}/tools/proguard/proguard-android.txt
# You can edit the include path and order by changing the ProGuard
# include property in project.properties.
#
# For more details, see
#   http://developer.android.com/guide/developing/tools/proguard.html

# Add any project specific keep options here:

-dontwarn com.google.android.gms.auth.GoogleAuthUtil
-dontwarn com.google.api.client.googleapis.extensions.android.gms.auth.UserRecoverableAuthIOException
-dontwarn com.google.api.client.googleapis.extensions.android.gms.auth.GoogleAccountCredential
-dontwarn com.google.api.client.googleapis.extensions.android.gms.auth.GoogleAccountCredential$RequestHandler
-dontwarn com.google.api.client.googleapis.extensions.android.gms.auth.GoogleAuthIOException
-dontwarn com.google.api.client.googleapis.extensions.android.gms.auth.GooglePlayServicesAvailabilityIOException
-dontwarn com.squareup.picasso.OkHttpLoader
-dontwarn com.google.android.gms.common.GooglePlayServicesUtil
-dontwarn com.google.android.gms.common.images.a
-dontwarn com.google.android.gms.internal.**
-dontwarn com.google.android.gms.maps.GoogleMapOptions
-dontwarn com.google.android.gms.maps.model.CameraPosition

-keep class com.facebook.** { *; }
-keepattributes Signature


# If your project uses WebView with JS, uncomment the following
# and specify the fully qualified class name to the JavaScript interface
# class:
#-keepclassmembers class fqcn.of.javascript.interface.for.webview {
#   public *;
#}