proguard_logs/seeds.txt
com.w9jds.glassshare.MainActivity
com.w9jds.glassshare.MainActivity: MainActivity()
com.w9jds.glassshare.R$attr: int confirm_logout
com.w9jds.glassshare.R$attr: int done_button_background
com.w9jds.glassshare.R$attr: int done_button_text
com.w9jds.glassshare.R$attr: int extra_fields
com.w9jds.glassshare.R$attr: int fetch_user_info
com.w9jds.glassshare.R$attr: int is_cropped
com.w9jds.glassshare.R$attr: int login_text
com.w9jds.glassshare.R$attr: int logout_text
com.w9jds.glassshare.R$attr: int multi_select
com.w9jds.glassshare.R$attr: int preset_size
com.w9jds.glassshare.R$attr: int radius_in_meters
com.w9jds.glassshare.R$attr: int results_limit
com.w9jds.glassshare.R$attr: int search_text
com.w9jds.glassshare.R$attr: int show_pictures
com.w9jds.glassshare.R$attr: int show_search_box
com.w9jds.glassshare.R$attr: int show_title_bar
com.w9jds.glassshare.R$attr: int title_bar_background
com.w9jds.glassshare.R$attr: int title_text
com.w9jds.glassshare.R$color: int com_facebook_blue
com.w9jds.glassshare.R$color: int com_facebook_loginview_text_color
com.w9jds.glassshare.R$color: int com_facebook_picker_search_bar_background
com.w9jds.glassshare.R$color: int com_facebook_picker_search_bar_text
com.w9jds.glassshare.R$color: int com_facebook_usersettingsfragment_connected_shadow_color
com.w9jds.glassshare.R$color: int com_facebook_usersettingsfragment_connected_text_color
com.w9jds.glassshare.R$color: int com_facebook_usersettingsfragment_not_connected_text_color
com.w9jds.glassshare.R$dimen: int activity_horizontal_margin
com.w9jds.glassshare.R$dimen: int activity_vertical_margin
com.w9jds.glassshare.R$dimen: int com_facebook_loginview_compound_drawable_padding
com.w9jds.glassshare.R$dimen: int com_facebook_loginview_padding_bottom
com.w9jds.glassshare.R$dimen: int com_facebook_loginview_padding_left
com.w9jds.glassshare.R$dimen: int com_facebook_loginview_padding_right
com.w9jds.glassshare.R$dimen: int com_facebook_loginview_padding_top
com.w9jds.glassshare.R$dimen: int com_facebook_loginview_text_size
com.w9jds.glassshare.R$dimen: int com_facebook_picker_divider_width
com.w9jds.glassshare.R$dimen: int com_facebook_picker_place_image_size
com.w9jds.glassshare.R$dimen: int com_facebook_profilepictureview_preset_size_large
com.w9jds.glassshare.R$dimen: int com_facebook_profilepictureview_preset_size_normal
com.w9jds.glassshare.R$dimen: int com_facebook_profilepictureview_preset_size_small
com.w9jds.glassshare.R$dimen: int com_facebook_usersettingsfragment_profile_picture_height
com.w9jds.glassshare.R$dimen: int com_facebook_usersettingsfragment_profile_picture_width
...
com.facebook.android.R$drawable
com.facebook.android.R$drawable: int com_facebook_button_blue
com.facebook.android.R$drawable: int com_facebook_button_blue_focused
com.facebook.android.R$drawable: int com_facebook_button_blue_normal
com.facebook.android.R$drawable: int com_facebook_button_blue_pressed
com.facebook.android.R$drawable: int com_facebook_button_check
com.facebook.android.R$drawable: int com_facebook_button_check_off
com.facebook.android.R$drawable: int com_facebook_button_check_on
com.facebook.android.R$drawable: int com_facebook_button_grey_focused
com.facebook.android.R$drawable: int com_facebook_button_grey_normal
com.facebook.android.R$drawable: int com_facebook_button_grey_pressed
com.facebook.android.R$drawable: int com_facebook_close
com.facebook.android.R$drawable: int com_facebook_inverse_icon
com.facebook.android.R$drawable: int com_facebook_list_divider
com.facebook.android.R$drawable: int com_facebook_list_section_header_background
com.facebook.android.R$drawable: int com_facebook_loginbutton_silver
com.facebook.android.R$drawable: int com_facebook_logo
com.facebook.android.R$drawable: int com_facebook_picker_default_separator_color
com.facebook.android.R$drawable: int com_facebook_picker_item_background
com.facebook.android.R$drawable: int com_facebook_picker_list_focused
com.facebook.android.R$drawable: int com_facebook_picker_list_longpressed
com.facebook.android.R$drawable: int com_facebook_picker_list_pressed
com.facebook.android.R$id
com.facebook.android.R$id: int com_facebook_login_activity_progress_bar
com.facebook.android.R$id: int com_facebook_picker_activity_circle
com.facebook.android.R$id: int com_facebook_picker_checkbox
com.facebook.android.R$id: int com_facebook_picker_checkbox_stub
com.facebook.android.R$id: int com_facebook_picker_divider
com.facebook.android.R$id: int com_facebook_picker_done_button
com.facebook.android.R$id: int com_facebook_picker_image
com.facebook.android.R$id: int com_facebook_picker_list_section_header
com.facebook.android.R$id: int com_facebook_picker_list_view
com.facebook.android.R$id: int com_facebook_picker_profile_pic_stub
com.facebook.android.R$id: int com_facebook_picker_row_activity_circle
com.facebook.android.R$id: int com_facebook_picker_search_text
com.facebook.android.R$id: int com_facebook_picker_title
com.facebook.android.R$id: int com_facebook_picker_title_bar
com.facebook.android.R$id: int com_facebook_picker_title_bar_stub
com.facebook.android.R$id: int com_facebook_picker_top_bar
com.facebook.android.R$id: int com_facebook_search_bar_view
com.facebook.android.R$id: int com_facebook_usersettingsfragment_login_button
com.facebook.android.R$id: int com_facebook_usersettingsfragment_logo_image
com.facebook.android.R$id: int com_facebook_usersettingsfragment_profile_name
com.facebook.android.R$id: int large
com.facebook.android.R$id: int normal
com.facebook.android.R$id: int picker_subtitle
com.facebook.android.R$id: int small