proguard_logs/mapping.txt
com.w9jds.glassshare.Adapters.csaAdapter -> com.w9jds.glassshare.a.a:
    android.content.Context mcContext -> a
    java.util.ArrayList mlsPaths -> b
    android.graphics.Bitmap mPlaceHolderBitmap -> c
    int findIdPosition(java.lang.Object) -> findIdPosition
    int findItemPosition(java.lang.Object) -> findItemPosition
    int getCount() -> getCount
    java.lang.Object getItem(int) -> getItem
    android.view.View getView(int,android.view.View,android.view.ViewGroup) -> getView
    boolean cancelPotentialWork(int,android.widget.ImageView) -> a
    com.w9jds.glassshare.Adapters.csaAdapter$BitmapWorkerTask getBitmapWorkerTask(android.widget.ImageView) -> b
    com.w9jds.glassshare.Adapters.csaAdapter$BitmapWorkerTask access$100(android.widget.ImageView) -> a
com.w9jds.glassshare.Adapters.csaAdapter$AsyncDrawable -> com.w9jds.glassshare.a.b:
    java.lang.ref.WeakReference bitmapWorkerTaskReference -> a
    com.w9jds.glassshare.Adapters.csaAdapter$BitmapWorkerTask getBitmapWorkerTask() -> a
com.w9jds.glassshare.Adapters.csaAdapter$BitmapWorkerTask -> com.w9jds.glassshare.a.c:
    java.util.ArrayList mlsPaths -> b
    java.lang.ref.WeakReference mivCard -> c
    int miPosition -> d
    com.w9jds.glassshare.Adapters.csaAdapter this$0 -> a
    android.graphics.Bitmap doInBackground(java.lang.Integer[]) -> a
    int calculateInSampleSize(android.graphics.BitmapFactory$Options,int,int) -> a
    void onPostExecute(android.graphics.Bitmap) -> a
    void onPostExecute(java.lang.Object) -> onPostExecute
    java.lang.Object doInBackground(java.lang.Object[]) -> doInBackground
    int access$000(com.w9jds.glassshare.Adapters.csaAdapter$BitmapWorkerTask) -> a
com.w9jds.glassshare.MainActivity -> com.w9jds.glassshare.MainActivity:
    java.lang.String CAMERA_IMAGE_BUCKET_NAME -> a
    java.lang.String CAMERA_IMAGE_BUCKET_ID -> b
    com.w9jds.glassshare.Adapters.csaAdapter mcvAdapter -> c
    java.util.ArrayList mlsPaths -> d
    int iPosition -> e
    void onCreate(android.os.Bundle) -> onCreate
    void sortPaths() -> a
    java.lang.String getBucketId(java.lang.String) -> a
    java.util.ArrayList getCameraImages(android.content.Context) -> a
    boolean onCreateOptionsMenu(android.view.Menu) -> onCreateOptionsMenu
    boolean onOptionsItemSelected(android.view.MenuItem) -> onOptionsItemSelected
    int access$002(com.w9jds.glassshare.MainActivity,int) -> a
com.w9jds.glassshare.MainActivity$1 -> com.w9jds.glassshare.a:
    com.w9jds.glassshare.MainActivity this$0 -> a
    void onItemClick(android.widget.AdapterView,android.view.View,int,long) -> onItemClick
com.w9jds.glassshare.MainActivity$2 -> com.w9jds.glassshare.b:
    com.w9jds.glassshare.MainActivity this$0 -> a
    int compare(java.io.File,java.io.File) -> a
    int compare(java.lang.Object,java.lang.Object) -> compare
...
com.facebook.internal.FileLruCache$BufferFile$1 -> com.facebook.internal.FileLruCache$BufferFile$1:
    boolean accept(java.io.File,java.lang.String) -> accept
com.facebook.internal.FileLruCache$BufferFile$2 -> com.facebook.internal.FileLruCache$BufferFile$2:
    boolean accept(java.io.File,java.lang.String) -> accept
com.facebook.internal.FileLruCache$CloseCallbackOutputStream -> com.facebook.internal.FileLruCache$CloseCallbackOutputStream:
    java.io.OutputStream innerStream -> innerStream
    com.facebook.internal.FileLruCache$StreamCloseCallback callback -> callback
    void close() -> close
    void flush() -> flush
    void write(byte[],int,int) -> write
    void write(byte[]) -> write
    void write(int) -> write
com.facebook.internal.FileLruCache$CopyingInputStream -> com.facebook.internal.FileLruCache$CopyingInputStream:
    java.io.InputStream input -> input
    java.io.OutputStream output -> output
    int available() -> available
    void close() -> close
    void mark(int) -> mark
    boolean markSupported() -> markSupported
    int read(byte[]) -> read
    int read() -> read
    int read(byte[],int,int) -> read
    void reset() -> reset
    long skip(long) -> skip
com.facebook.internal.FileLruCache$Limits -> com.facebook.internal.FileLruCache$Limits:
    int byteCount -> byteCount
    int fileCount -> fileCount
    int getByteCount() -> getByteCount
    int getFileCount() -> getFileCount
    void setByteCount(int) -> setByteCount
    void setFileCount(int) -> setFileCount
com.facebook.internal.FileLruCache$ModifiedFile -> com.facebook.internal.FileLruCache$ModifiedFile:
    int HASH_SEED -> HASH_SEED
    int HASH_MULTIPLIER -> HASH_MULTIPLIER
    java.io.File file -> file
    long modified -> modified
    java.io.File getFile() -> getFile
    long getModified() -> getModified
    int compareTo(com.facebook.internal.FileLruCache$ModifiedFile) -> compareTo
    boolean equals(java.lang.Object) -> equals
    int hashCode() -> hashCode
    int compareTo(java.lang.Object) -> compareTo
com.facebook.internal.FileLruCache$StreamCloseCallback -> com.facebook.internal.FileLruCache$StreamCloseCallback:
    void onClose() -> onClose
com.facebook.internal.FileLruCache$StreamHeader -> com.facebook.internal.FileLruCache$StreamHeader:
    int HEADER_VERSION -> HEADER_VERSION
    void writeHeader(java.io.OutputStream,org.json.JSONObject) -> writeHeader
    org.json.JSONObject readHeader(java.io.InputStream) -> readHeader
com.facebook.internal.ImageDownloader -> com.facebook.internal.ImageDownloader:
    int DOWNLOAD_QUEUE_MAX_CONCURRENT -> DOWNLOAD_QUEUE_MAX_CONCURRENT
    int CACHE_READ_QUEUE_MAX_CONCURRENT -> CACHE_READ_QUEUE_MAX_CONCURRENT
    android.os.Handler handler -> handler
    com.facebook.internal.WorkQueue downloadQueue -> downloadQueue
    com.facebook.internal.WorkQueue cacheReadQueue -> cacheReadQueue
    java.util.Map pendingRequests -> pendingRequests
    void downloadAsync(com.facebook.internal.ImageRequest) -> downloadAsync
    boolean cancelRequest(com.facebook.internal.ImageRequest) -> cancelRequest
    void prioritizeRequest(com.facebook.internal.ImageRequest) -> prioritizeRequest
    void clearCache(android.content.Context) -> clearCache
    void enqueueCacheRead(com.facebook.internal.ImageRequest,com.facebook.internal.ImageDownloader$RequestKey,boolean) -> enqueueCacheRead
    void enqueueDownload(com.facebook.internal.ImageRequest,com.facebook.internal.ImageDownloader$RequestKey) -> enqueueDownload
    void enqueueRequest(com.facebook.internal.ImageRequest,com.facebook.internal.ImageDownloader$RequestKey,com.facebook.internal.WorkQueue,java.lang.Runnable) -> enqueueRequest
    void issueResponse(com.facebook.internal.ImageDownloader$RequestKey,java.lang.Exception,android.graphics.Bitmap,boolean) -> issueResponse
    void readFromCache(com.facebook.internal.ImageDownloader$RequestKey,android.content.Context,boolean) -> readFromCache